<?xml version="1.0" encoding="UTF-8"?>
<!-- Generated by org.testng.reporters.JUnitReportReporter -->
<testsuite hostname="GAJENDRAs-MacBook-Pro.local" failures="0" tests="2" name="Demo.test_NG_Annotaion" time="0.014" errors="0" timestamp="2024-03-01T07:42:43 IST" skipped="0">
  <testcase classname="Demo.test_NG_Annotaion" name="facebookPage1" time="0.007"/>
  <system-out/>
  <testcase classname="Demo.test_NG_Annotaion" name="facebookPage" time="0.007"/>
  <system-out/>
</testsuite> <!-- Demo.test_NG_Annotaion -->
