<?xml version="1.0" encoding="UTF-8"?>
<!-- Generated by org.testng.reporters.JUnitReportReporter -->
<testsuite hostname="GAJENDRAs-MacBook-Pro.local" failures="0" tests="1" name="Demo.D2" time="0.013" errors="0" timestamp="2024-03-01T06:53:58 IST" skipped="0">
  <testcase classname="Demo.D2" name="New" time="0.013"/>
  <system-out/>
</testsuite> <!-- Demo.D2 -->
