<?xml version="1.0" encoding="UTF-8"?>
<!-- Generated by org.testng.reporters.JUnitReportReporter -->
<testsuite hostname="GAJENDRAs-MacBook-Pro.local" failures="0" tests="1" name="Demo.D3" time="0.013" errors="0" timestamp="2024-02-29T19:00:21 IST" skipped="0">
  <testcase classname="Demo.D3" name="Rain" time="0.013"/>
  <system-out/>
</testsuite> <!-- Demo.D3 -->
