<?xml version="1.0" encoding="UTF-8"?>
<!-- Generated by org.testng.reporters.JUnitReportReporter -->
<testsuite hostname="GAJENDRAs-MacBook-Pro.local" failures="0" tests="2" name="Demo.FaceBook" time="11.833" errors="0" timestamp="2024-03-01T09:27:04 IST" skipped="0">
  <testcase classname="Demo.FaceBook" name="AppTitle" time="8.240"/>
  <system-out/>
  <testcase classname="Demo.FaceBook" name="Facebook_logo" time="3.593"/>
  <system-out/>
</testsuite> <!-- Demo.FaceBook -->
