<?xml version="1.0" encoding="UTF-8"?>
<!-- Generated by org.testng.reporters.JUnitReportReporter -->
<testsuite hostname="GAJENDRAs-MacBook-Pro.local" failures="0" tests="1" name="Test_NG_annotations.Annotions" time="0.027" errors="0" timestamp="2024-03-01T13:48:59 IST" skipped="0">
  <testcase classname="Test_NG_annotations.Annotions" name="name" time="0.027"/>
  <system-out/>
</testsuite> <!-- Test_NG_annotations.Annotions -->
