<?xml version="1.0" encoding="UTF-8"?>
<!-- Generated by org.testng.reporters.JUnitReportReporter -->
<testsuite hostname="GAJENDRAs-MacBook-Pro.local" failures="0" tests="2" name="Demo.D1" time="0.021" errors="0" timestamp="2024-02-28T23:02:46 IST" skipped="0">
  <testcase classname="Demo.D1" name="name" time="0.019"/>
  <system-out/>
  <testcase classname="Demo.D1" name="name1" time="0.002"/>
  <system-out/>
</testsuite> <!-- Demo.D1 -->
